<?xml version="1.0" encoding="UTF-8"?>
<!-- Generated by org.testng.reporters.JUnitXMLReporter -->
<testsuite ignored="2" hostname="Lingaraj-PC" failures="0" tests="3" name="Test Runner1" time="119.119" errors="0" timestamp="2022-05-05T18:05:38 IST">
  <testcase classname="com.crm.comcast.contactTest.CreateContactAndDeleteContactTest" name="createContAndDel" time="29.149"/>
  <testcase classname="com.crm.comcast.organizationTest.CreateOraganizationTest" name="createOrg" time="18.727"/>
  <testcase classname="com.crm.comcast.contactTest.EditTest" name="edit" time="19.603"/>
  <testcase classname="com.crm.comcastgenericutility.BaseClass" name="@AfterSuite asSuit" time="0.0">
    <ignored/>
  </testcase> <!-- @AfterSuite asSuit -->
  <testcase classname="com.crm.comcastgenericutility.BaseClass" name="@AfterSuite asSuit" time="0.0">
    <ignored/>
  </testcase> <!-- @AfterSuite asSuit -->
</testsuite> <!-- Test Runner1 -->
