<?xml version="1.0" encoding="UTF-8"?>
<!-- Generated by org.testng.reporters.JUnitXMLReporter -->
<testsuite ignored="1" hostname="Lingaraj-PC" failures="0" tests="4" name="Test Runner2" time="127.702" errors="0" timestamp="2022-05-05T18:05:47 IST">
  <testcase classname="com.crm.comcast.campaignTest.CampiagnAndProductTest" name="campAndProd" time="36.031"/>
  <testcase classname="com.crm.comcast.contactTest.CreateContactTest" name="createAccountWithGroup" time="19.138"/>
  <testcase classname="com.crm.comcast.contactTest.CreateContactTest" name="createContWithMan" time="16.634"/>
  <testcase classname="com.crm.comcast.contactTest.CreateContactTest" name="createcContactWithMan" time="14.135"/>
  <testcase classname="com.crm.comcastgenericutility.BaseClass" name="@AfterSuite asSuit" time="0.0">
    <ignored/>
  </testcase> <!-- @AfterSuite asSuit -->
</testsuite> <!-- Test Runner2 -->
