<?xml version="1.0" encoding="UTF-8"?>
<testng-results ignored="0" total="1" passed="0" failed="1" skipped="0">
  <reporter-output>
  </reporter-output>
  <suite started-at="2022-05-09T10:48:59 IST" name="Default suite" finished-at="2022-05-09T10:49:13 IST" duration-ms="13130">
    <groups>
      <group name="regressionTest">
        <method signature="CreateContactAndDeleteContactTest.createContAndDel()[pri:0, instance:com.crm.comcast.contactTest.CreateContactAndDeleteContactTest@4efc180e]" name="createContAndDel" class="com.crm.comcast.contactTest.CreateContactAndDeleteContactTest"/>
      </group> <!-- regressionTest -->
    </groups>
    <test started-at="2022-05-09T10:48:59 IST" name="Default test" finished-at="2022-05-09T10:49:13 IST" duration-ms="13130">
      <class name="com.crm.comcast.contactTest.CreateContactAndDeleteContactTest">
        <test-method is-config="true" signature="bcConf()[pri:0, instance:com.crm.comcast.contactTest.CreateContactAndDeleteContactTest@4efc180e]" started-at="2022-05-09T10:48:59 IST" name="bcConf" finished-at="2022-05-09T10:49:05 IST" duration-ms="5065" status="PASS">
          <reporter-output>
          </reporter-output>
        </test-method> <!-- bcConf -->
        <test-method is-config="true" signature="bmConf()[pri:0, instance:com.crm.comcast.contactTest.CreateContactAndDeleteContactTest@4efc180e]" started-at="2022-05-09T10:49:05 IST" name="bmConf" finished-at="2022-05-09T10:49:08 IST" duration-ms="3453" status="PASS">
          <reporter-output>
          </reporter-output>
        </test-method> <!-- bmConf -->
        <test-method signature="createContAndDel()[pri:0, instance:com.crm.comcast.contactTest.CreateContactAndDeleteContactTest@4efc180e]" started-at="2022-05-09T10:49:08 IST" name="createContAndDel" finished-at="2022-05-09T10:49:08 IST" duration-ms="11" status="FAIL">
          <exception class="java.lang.Error">
            <message>
              <![CDATA[Unresolved compilation problem: 
ccn cannot be resolved
]]>
            </message>
            <full-stacktrace>
              <![CDATA[java.lang.Error: Unresolved compilation problem: 
ccn cannot be resolved

at com.crm.comcast.contactTest.CreateContactAndDeleteContactTest.createContAndDel(CreateContactAndDeleteContactTest.java:42)
at java.base/jdk.internal.reflect.NativeMethodAccessorImpl.invoke0(Native Method)
at java.base/jdk.internal.reflect.NativeMethodAccessorImpl.invoke(NativeMethodAccessorImpl.java:78)
at java.base/jdk.internal.reflect.DelegatingMethodAccessorImpl.invoke(DelegatingMethodAccessorImpl.java:43)
at java.base/java.lang.reflect.Method.invoke(Method.java:567)
at org.testng.internal.MethodInvocationHelper.invokeMethod(MethodInvocationHelper.java:133)
at org.testng.internal.TestInvoker.invokeMethod(TestInvoker.java:598)
at org.testng.internal.TestInvoker.invokeTestMethod(TestInvoker.java:173)
at org.testng.internal.MethodRunner.runInSequence(MethodRunner.java:46)
at org.testng.internal.TestInvoker$MethodInvocationAgent.invoke(TestInvoker.java:824)
at org.testng.internal.TestInvoker.invokeTestMethods(TestInvoker.java:146)
at org.testng.internal.TestMethodWorker.invokeTestMethods(TestMethodWorker.java:146)
at org.testng.internal.TestMethodWorker.run(TestMethodWorker.java:128)
at java.base/java.util.ArrayList.forEach(ArrayList.java:1511)
at org.testng.TestRunner.privateRun(TestRunner.java:794)
at org.testng.TestRunner.run(TestRunner.java:596)
at org.testng.SuiteRunner.runTest(SuiteRunner.java:377)
at org.testng.SuiteRunner.runSequentially(SuiteRunner.java:371)
at org.testng.SuiteRunner.privateRun(SuiteRunner.java:332)
at org.testng.SuiteRunner.run(SuiteRunner.java:276)
at org.testng.SuiteRunnerWorker.runSuite(SuiteRunnerWorker.java:53)
at org.testng.SuiteRunnerWorker.run(SuiteRunnerWorker.java:96)
at org.testng.TestNG.runSuitesSequentially(TestNG.java:1212)
at org.testng.TestNG.runSuitesLocally(TestNG.java:1134)
at org.testng.TestNG.runSuites(TestNG.java:1063)
at org.testng.TestNG.run(TestNG.java:1031)
at org.testng.remote.AbstractRemoteTestNG.run(AbstractRemoteTestNG.java:115)
at org.testng.remote.RemoteTestNG.initAndRun(RemoteTestNG.java:251)
at org.testng.remote.RemoteTestNG.main(RemoteTestNG.java:77)
]]>
            </full-stacktrace>
          </exception> <!-- java.lang.Error -->
          <reporter-output>
          </reporter-output>
        </test-method> <!-- createContAndDel -->
        <test-method is-config="true" signature="amConf()[pri:0, instance:com.crm.comcast.contactTest.CreateContactAndDeleteContactTest@4efc180e]" started-at="2022-05-09T10:49:09 IST" name="amConf" finished-at="2022-05-09T10:49:12 IST" duration-ms="3755" status="PASS">
          <reporter-output>
          </reporter-output>
        </test-method> <!-- amConf -->
        <test-method is-config="true" signature="acConf()[pri:0, instance:com.crm.comcast.contactTest.CreateContactAndDeleteContactTest@4efc180e]" started-at="2022-05-09T10:49:12 IST" name="acConf" finished-at="2022-05-09T10:49:13 IST" duration-ms="340" status="PASS">
          <reporter-output>
          </reporter-output>
        </test-method> <!-- acConf -->
        <test-method is-config="true" signature="asSuit()[pri:0, instance:com.crm.comcast.contactTest.CreateContactAndDeleteContactTest@4efc180e]" started-at="2022-05-09T10:49:13 IST" name="asSuit" finished-at="2022-05-09T10:49:13 IST" duration-ms="1" status="PASS">
          <reporter-output>
          </reporter-output>
        </test-method> <!-- asSuit -->
      </class> <!-- com.crm.comcast.contactTest.CreateContactAndDeleteContactTest -->
    </test> <!-- Default test -->
  </suite> <!-- Default suite -->
</testng-results>
